<?xml version="1.0" encoding="UTF-8"?>
<!-- Generated by org.testng.reporters.JUnitReportReporter -->
<testsuite hostname="Alberts-MacBook-Air.local" failures="0" tests="5" name="runner.TestRunnerLogin" time="40.685" errors="0" timestamp="2025-10-13T20:43:28 WIB" skipped="0">
  <testcase classname="runner.TestRunnerLogin" name="runScenario" time="5.953"/>
  <testcase classname="runner.TestRunnerLogin" name="runScenario" time="6.115"/>
  <testcase classname="runner.TestRunnerLogin" name="runScenario" time="5.989"/>
  <testcase classname="runner.TestRunnerLogin" name="runScenario" time="12.202"/>
  <testcase classname="runner.TestRunnerLogin" name="runScenario" time="10.426"/>
</testsuite> <!-- runner.TestRunnerLogin -->
