<?xml version="1.0" encoding="UTF-8"?>
<!-- Generated by org.testng.reporters.JUnitReportReporter -->
<testsuite hostname="RGCWP16JWC" failures="0" tests="4" name="runner.TestRunner" time="30.988" errors="0" timestamp="2025-10-08T21:09:22 WIB" skipped="0">
  <testcase classname="runner.TestRunner" name="runScenario" time="4.761"/>
  <testcase classname="runner.TestRunner" name="runScenario" time="8.971"/>
  <testcase classname="runner.TestRunner" name="runScenario" time="5.973"/>
  <testcase classname="runner.TestRunner" name="runScenario" time="11.283"/>
</testsuite> <!-- runner.TestRunner -->
